2023-05-12 22:53:23 INFO  ProducerConfig:526 - Idempotence will be disabled because acks is set to 0, not set to 'all'.
2023-05-12 22:53:23 INFO  ProducerConfig:376 - ProducerConfig values: 
	acks = 0
	batch.size = 16384
	bootstrap.servers = [broker1:9092]
	buffer.memory = 33554432
	client.dns.lookup = use_all_dns_ips
	client.id = producer-1
	compression.type = none
	connections.max.idle.ms = 540000
	delivery.timeout.ms = 120000
	enable.idempotence = false
	interceptor.classes = []
	key.serializer = class org.apache.kafka.common.serialization.StringSerializer
	linger.ms = 0
	max.block.ms = 60000
	max.in.flight.requests.per.connection = 5
	max.request.size = 1048576
	metadata.max.age.ms = 300000
	metadata.max.idle.ms = 300000
	metric.reporters = []
	metrics.num.samples = 2
	metrics.recording.level = INFO
	metrics.sample.window.ms = 30000
	partitioner.adaptive.partitioning.enable = true
	partitioner.availability.timeout.ms = 0
	partitioner.class = null
	partitioner.ignore.keys = false
	receive.buffer.bytes = 32768
	reconnect.backoff.max.ms = 1000
	reconnect.backoff.ms = 50
	request.timeout.ms = 30000
	retries = 2147483647
	retry.backoff.ms = 100
	sasl.client.callback.handler.class = null
	sasl.jaas.config = null
	sasl.kerberos.kinit.cmd = /usr/bin/kinit
	sasl.kerberos.min.time.before.relogin = 60000
	sasl.kerberos.service.name = null
	sasl.kerberos.ticket.renew.jitter = 0.05
	sasl.kerberos.ticket.renew.window.factor = 0.8
	sasl.login.callback.handler.class = null
	sasl.login.class = null
	sasl.login.connect.timeout.ms = null
	sasl.login.read.timeout.ms = null
	sasl.login.refresh.buffer.seconds = 300
	sasl.login.refresh.min.period.seconds = 60
	sasl.login.refresh.window.factor = 0.8
	sasl.login.refresh.window.jitter = 0.05
	sasl.login.retry.backoff.max.ms = 10000
	sasl.login.retry.backoff.ms = 100
	sasl.mechanism = GSSAPI
	sasl.oauthbearer.clock.skew.seconds = 30
	sasl.oauthbearer.expected.audience = null
	sasl.oauthbearer.expected.issuer = null
	sasl.oauthbearer.jwks.endpoint.refresh.ms = 3600000
	sasl.oauthbearer.jwks.endpoint.retry.backoff.max.ms = 10000
	sasl.oauthbearer.jwks.endpoint.retry.backoff.ms = 100
	sasl.oauthbearer.jwks.endpoint.url = null
	sasl.oauthbearer.scope.claim.name = scope
	sasl.oauthbearer.sub.claim.name = sub
	sasl.oauthbearer.token.endpoint.url = null
	security.protocol = PLAINTEXT
	security.providers = null
	send.buffer.bytes = 131072
	socket.connection.setup.timeout.max.ms = 30000
	socket.connection.setup.timeout.ms = 10000
	ssl.cipher.suites = null
	ssl.enabled.protocols = [TLSv1.2, TLSv1.3]
	ssl.endpoint.identification.algorithm = https
	ssl.engine.factory.class = null
	ssl.key.password = null
	ssl.keymanager.algorithm = SunX509
	ssl.keystore.certificate.chain = null
	ssl.keystore.key = null
	ssl.keystore.location = null
	ssl.keystore.password = null
	ssl.keystore.type = JKS
	ssl.protocol = TLSv1.3
	ssl.provider = null
	ssl.secure.random.implementation = null
	ssl.trustmanager.algorithm = PKIX
	ssl.truststore.certificates = null
	ssl.truststore.location = null
	ssl.truststore.password = null
	ssl.truststore.type = JKS
	transaction.timeout.ms = 60000
	transactional.id = null
	value.serializer = class org.apache.kafka.common.serialization.StringSerializer

2023-05-12 22:53:23 INFO  ProducerConfig:526 - Idempotence will be disabled because acks is set to 0, not set to 'all'.
2023-05-12 22:53:23 INFO  ProducerConfig:526 - Idempotence will be disabled because acks is set to 0, not set to 'all'.
2023-05-12 22:53:23 INFO  ProducerConfig:526 - Idempotence will be disabled because acks is set to 0, not set to 'all'.
2023-05-12 22:53:23 INFO  ProducerConfig:526 - Idempotence will be disabled because acks is set to 0, not set to 'all'.
2023-05-12 22:53:23 INFO  ProducerConfig:376 - ProducerConfig values: 
	acks = 0
	batch.size = 16384
	bootstrap.servers = [broker1:9092]
	buffer.memory = 33554432
	client.dns.lookup = use_all_dns_ips
	client.id = producer-3
	compression.type = none
	connections.max.idle.ms = 540000
	delivery.timeout.ms = 120000
	enable.idempotence = false
	interceptor.classes = []
	key.serializer = class org.apache.kafka.common.serialization.StringSerializer
	linger.ms = 0
	max.block.ms = 60000
	max.in.flight.requests.per.connection = 5
	max.request.size = 1048576
	metadata.max.age.ms = 300000
	metadata.max.idle.ms = 300000
	metric.reporters = []
	metrics.num.samples = 2
	metrics.recording.level = INFO
	metrics.sample.window.ms = 30000
	partitioner.adaptive.partitioning.enable = true
	partitioner.availability.timeout.ms = 0
	partitioner.class = null
	partitioner.ignore.keys = false
	receive.buffer.bytes = 32768
	reconnect.backoff.max.ms = 1000
	reconnect.backoff.ms = 50
	request.timeout.ms = 30000
	retries = 2147483647
	retry.backoff.ms = 100
	sasl.client.callback.handler.class = null
	sasl.jaas.config = null
	sasl.kerberos.kinit.cmd = /usr/bin/kinit
	sasl.kerberos.min.time.before.relogin = 60000
	sasl.kerberos.service.name = null
	sasl.kerberos.ticket.renew.jitter = 0.05
	sasl.kerberos.ticket.renew.window.factor = 0.8
	sasl.login.callback.handler.class = null
	sasl.login.class = null
	sasl.login.connect.timeout.ms = null
	sasl.login.read.timeout.ms = null
	sasl.login.refresh.buffer.seconds = 300
	sasl.login.refresh.min.period.seconds = 60
	sasl.login.refresh.window.factor = 0.8
	sasl.login.refresh.window.jitter = 0.05
	sasl.login.retry.backoff.max.ms = 10000
	sasl.login.retry.backoff.ms = 100
	sasl.mechanism = GSSAPI
	sasl.oauthbearer.clock.skew.seconds = 30
	sasl.oauthbearer.expected.audience = null
	sasl.oauthbearer.expected.issuer = null
	sasl.oauthbearer.jwks.endpoint.refresh.ms = 3600000
	sasl.oauthbearer.jwks.endpoint.retry.backoff.max.ms = 10000
	sasl.oauthbearer.jwks.endpoint.retry.backoff.ms = 100
	sasl.oauthbearer.jwks.endpoint.url = null
	sasl.oauthbearer.scope.claim.name = scope
	sasl.oauthbearer.sub.claim.name = sub
	sasl.oauthbearer.token.endpoint.url = null
	security.protocol = PLAINTEXT
	security.providers = null
	send.buffer.bytes = 131072
	socket.connection.setup.timeout.max.ms = 30000
	socket.connection.setup.timeout.ms = 10000
	ssl.cipher.suites = null
	ssl.enabled.protocols = [TLSv1.2, TLSv1.3]
	ssl.endpoint.identification.algorithm = https
	ssl.engine.factory.class = null
	ssl.key.password = null
	ssl.keymanager.algorithm = SunX509
	ssl.keystore.certificate.chain = null
	ssl.keystore.key = null
	ssl.keystore.location = null
	ssl.keystore.password = null
	ssl.keystore.type = JKS
	ssl.protocol = TLSv1.3
	ssl.provider = null
	ssl.secure.random.implementation = null
	ssl.trustmanager.algorithm = PKIX
	ssl.truststore.certificates = null
	ssl.truststore.location = null
	ssl.truststore.password = null
	ssl.truststore.type = JKS
	transaction.timeout.ms = 60000
	transactional.id = null
	value.serializer = class org.apache.kafka.common.serialization.StringSerializer

2023-05-12 22:53:23 INFO  ProducerConfig:376 - ProducerConfig values: 
	acks = 0
	batch.size = 16384
	bootstrap.servers = [broker1:9092]
	buffer.memory = 33554432
	client.dns.lookup = use_all_dns_ips
	client.id = producer-4
	compression.type = none
	connections.max.idle.ms = 540000
	delivery.timeout.ms = 120000
	enable.idempotence = false
	interceptor.classes = []
	key.serializer = class org.apache.kafka.common.serialization.StringSerializer
	linger.ms = 0
	max.block.ms = 60000
	max.in.flight.requests.per.connection = 5
	max.request.size = 1048576
	metadata.max.age.ms = 300000
	metadata.max.idle.ms = 300000
	metric.reporters = []
	metrics.num.samples = 2
	metrics.recording.level = INFO
	metrics.sample.window.ms = 30000
	partitioner.adaptive.partitioning.enable = true
	partitioner.availability.timeout.ms = 0
	partitioner.class = null
	partitioner.ignore.keys = false
	receive.buffer.bytes = 32768
	reconnect.backoff.max.ms = 1000
	reconnect.backoff.ms = 50
	request.timeout.ms = 30000
	retries = 2147483647
	retry.backoff.ms = 100
	sasl.client.callback.handler.class = null
	sasl.jaas.config = null
	sasl.kerberos.kinit.cmd = /usr/bin/kinit
	sasl.kerberos.min.time.before.relogin = 60000
	sasl.kerberos.service.name = null
	sasl.kerberos.ticket.renew.jitter = 0.05
	sasl.kerberos.ticket.renew.window.factor = 0.8
	sasl.login.callback.handler.class = null
	sasl.login.class = null
	sasl.login.connect.timeout.ms = null
	sasl.login.read.timeout.ms = null
	sasl.login.refresh.buffer.seconds = 300
	sasl.login.refresh.min.period.seconds = 60
	sasl.login.refresh.window.factor = 0.8
	sasl.login.refresh.window.jitter = 0.05
	sasl.login.retry.backoff.max.ms = 10000
	sasl.login.retry.backoff.ms = 100
	sasl.mechanism = GSSAPI
	sasl.oauthbearer.clock.skew.seconds = 30
	sasl.oauthbearer.expected.audience = null
	sasl.oauthbearer.expected.issuer = null
	sasl.oauthbearer.jwks.endpoint.refresh.ms = 3600000
	sasl.oauthbearer.jwks.endpoint.retry.backoff.max.ms = 10000
	sasl.oauthbearer.jwks.endpoint.retry.backoff.ms = 100
	sasl.oauthbearer.jwks.endpoint.url = null
	sasl.oauthbearer.scope.claim.name = scope
	sasl.oauthbearer.sub.claim.name = sub
	sasl.oauthbearer.token.endpoint.url = null
	security.protocol = PLAINTEXT
	security.providers = null
	send.buffer.bytes = 131072
	socket.connection.setup.timeout.max.ms = 30000
	socket.connection.setup.timeout.ms = 10000
	ssl.cipher.suites = null
	ssl.enabled.protocols = [TLSv1.2, TLSv1.3]
	ssl.endpoint.identification.algorithm = https
	ssl.engine.factory.class = null
	ssl.key.password = null
	ssl.keymanager.algorithm = SunX509
	ssl.keystore.certificate.chain = null
	ssl.keystore.key = null
	ssl.keystore.location = null
	ssl.keystore.password = null
	ssl.keystore.type = JKS
	ssl.protocol = TLSv1.3
	ssl.provider = null
	ssl.secure.random.implementation = null
	ssl.trustmanager.algorithm = PKIX
	ssl.truststore.certificates = null
	ssl.truststore.location = null
	ssl.truststore.password = null
	ssl.truststore.type = JKS
	transaction.timeout.ms = 60000
	transactional.id = null
	value.serializer = class org.apache.kafka.common.serialization.StringSerializer

2023-05-12 22:53:23 INFO  ProducerConfig:526 - Idempotence will be disabled because acks is set to 0, not set to 'all'.
2023-05-12 22:53:23 INFO  ProducerConfig:526 - Idempotence will be disabled because acks is set to 0, not set to 'all'.
2023-05-12 22:53:23 INFO  ProducerConfig:376 - ProducerConfig values: 
	acks = 0
	batch.size = 16384
	bootstrap.servers = [broker1:9092]
	buffer.memory = 33554432
	client.dns.lookup = use_all_dns_ips
	client.id = producer-5
	compression.type = none
	connections.max.idle.ms = 540000
	delivery.timeout.ms = 120000
	enable.idempotence = false
	interceptor.classes = []
	key.serializer = class org.apache.kafka.common.serialization.StringSerializer
	linger.ms = 0
	max.block.ms = 60000
	max.in.flight.requests.per.connection = 5
	max.request.size = 1048576
	metadata.max.age.ms = 300000
	metadata.max.idle.ms = 300000
	metric.reporters = []
	metrics.num.samples = 2
	metrics.recording.level = INFO
	metrics.sample.window.ms = 30000
	partitioner.adaptive.partitioning.enable = true
	partitioner.availability.timeout.ms = 0
	partitioner.class = null
	partitioner.ignore.keys = false
	receive.buffer.bytes = 32768
	reconnect.backoff.max.ms = 1000
	reconnect.backoff.ms = 50
	request.timeout.ms = 30000
	retries = 2147483647
	retry.backoff.ms = 100
	sasl.client.callback.handler.class = null
	sasl.jaas.config = null
	sasl.kerberos.kinit.cmd = /usr/bin/kinit
	sasl.kerberos.min.time.before.relogin = 60000
	sasl.kerberos.service.name = null
	sasl.kerberos.ticket.renew.jitter = 0.05
	sasl.kerberos.ticket.renew.window.factor = 0.8
	sasl.login.callback.handler.class = null
	sasl.login.class = null
	sasl.login.connect.timeout.ms = null
	sasl.login.read.timeout.ms = null
	sasl.login.refresh.buffer.seconds = 300
	sasl.login.refresh.min.period.seconds = 60
	sasl.login.refresh.window.factor = 0.8
	sasl.login.refresh.window.jitter = 0.05
	sasl.login.retry.backoff.max.ms = 10000
	sasl.login.retry.backoff.ms = 100
	sasl.mechanism = GSSAPI
	sasl.oauthbearer.clock.skew.seconds = 30
	sasl.oauthbearer.expected.audience = null
	sasl.oauthbearer.expected.issuer = null
	sasl.oauthbearer.jwks.endpoint.refresh.ms = 3600000
	sasl.oauthbearer.jwks.endpoint.retry.backoff.max.ms = 10000
	sasl.oauthbearer.jwks.endpoint.retry.backoff.ms = 100
	sasl.oauthbearer.jwks.endpoint.url = null
	sasl.oauthbearer.scope.claim.name = scope
	sasl.oauthbearer.sub.claim.name = sub
	sasl.oauthbearer.token.endpoint.url = null
	security.protocol = PLAINTEXT
	security.providers = null
	send.buffer.bytes = 131072
	socket.connection.setup.timeout.max.ms = 30000
	socket.connection.setup.timeout.ms = 10000
	ssl.cipher.suites = null
	ssl.enabled.protocols = [TLSv1.2, TLSv1.3]
	ssl.endpoint.identification.algorithm = https
	ssl.engine.factory.class = null
	ssl.key.password = null
	ssl.keymanager.algorithm = SunX509
	ssl.keystore.certificate.chain = null
	ssl.keystore.key = null
	ssl.keystore.location = null
	ssl.keystore.password = null
	ssl.keystore.type = JKS
	ssl.protocol = TLSv1.3
	ssl.provider = null
	ssl.secure.random.implementation = null
	ssl.trustmanager.algorithm = PKIX
	ssl.truststore.certificates = null
	ssl.truststore.location = null
	ssl.truststore.password = null
	ssl.truststore.type = JKS
	transaction.timeout.ms = 60000
	transactional.id = null
	value.serializer = class org.apache.kafka.common.serialization.StringSerializer

2023-05-12 22:53:23 INFO  ProducerConfig:526 - Idempotence will be disabled because acks is set to 0, not set to 'all'.
2023-05-12 22:53:23 INFO  ProducerConfig:376 - ProducerConfig values: 
	acks = 0
	batch.size = 16384
	bootstrap.servers = [broker1:9092]
	buffer.memory = 33554432
	client.dns.lookup = use_all_dns_ips
	client.id = producer-2
	compression.type = none
	connections.max.idle.ms = 540000
	delivery.timeout.ms = 120000
	enable.idempotence = false
	interceptor.classes = []
	key.serializer = class org.apache.kafka.common.serialization.StringSerializer
	linger.ms = 0
	max.block.ms = 60000
	max.in.flight.requests.per.connection = 5
	max.request.size = 1048576
	metadata.max.age.ms = 300000
	metadata.max.idle.ms = 300000
	metric.reporters = []
	metrics.num.samples = 2
	metrics.recording.level = INFO
	metrics.sample.window.ms = 30000
	partitioner.adaptive.partitioning.enable = true
	partitioner.availability.timeout.ms = 0
	partitioner.class = null
	partitioner.ignore.keys = false
	receive.buffer.bytes = 32768
	reconnect.backoff.max.ms = 1000
	reconnect.backoff.ms = 50
	request.timeout.ms = 30000
	retries = 2147483647
	retry.backoff.ms = 100
	sasl.client.callback.handler.class = null
	sasl.jaas.config = null
	sasl.kerberos.kinit.cmd = /usr/bin/kinit
	sasl.kerberos.min.time.before.relogin = 60000
	sasl.kerberos.service.name = null
	sasl.kerberos.ticket.renew.jitter = 0.05
	sasl.kerberos.ticket.renew.window.factor = 0.8
	sasl.login.callback.handler.class = null
	sasl.login.class = null
	sasl.login.connect.timeout.ms = null
	sasl.login.read.timeout.ms = null
	sasl.login.refresh.buffer.seconds = 300
	sasl.login.refresh.min.period.seconds = 60
	sasl.login.refresh.window.factor = 0.8
	sasl.login.refresh.window.jitter = 0.05
	sasl.login.retry.backoff.max.ms = 10000
	sasl.login.retry.backoff.ms = 100
	sasl.mechanism = GSSAPI
	sasl.oauthbearer.clock.skew.seconds = 30
	sasl.oauthbearer.expected.audience = null
	sasl.oauthbearer.expected.issuer = null
	sasl.oauthbearer.jwks.endpoint.refresh.ms = 3600000
	sasl.oauthbearer.jwks.endpoint.retry.backoff.max.ms = 10000
	sasl.oauthbearer.jwks.endpoint.retry.backoff.ms = 100
	sasl.oauthbearer.jwks.endpoint.url = null
	sasl.oauthbearer.scope.claim.name = scope
	sasl.oauthbearer.sub.claim.name = sub
	sasl.oauthbearer.token.endpoint.url = null
	security.protocol = PLAINTEXT
	security.providers = null
	send.buffer.bytes = 131072
	socket.connection.setup.timeout.max.ms = 30000
	socket.connection.setup.timeout.ms = 10000
	ssl.cipher.suites = null
	ssl.enabled.protocols = [TLSv1.2, TLSv1.3]
	ssl.endpoint.identification.algorithm = https
	ssl.engine.factory.class = null
	ssl.key.password = null
	ssl.keymanager.algorithm = SunX509
	ssl.keystore.certificate.chain = null
	ssl.keystore.key = null
	ssl.keystore.location = null
	ssl.keystore.password = null
	ssl.keystore.type = JKS
	ssl.protocol = TLSv1.3
	ssl.provider = null
	ssl.secure.random.implementation = null
	ssl.trustmanager.algorithm = PKIX
	ssl.truststore.certificates = null
	ssl.truststore.location = null
	ssl.truststore.password = null
	ssl.truststore.type = JKS
	transaction.timeout.ms = 60000
	transactional.id = null
	value.serializer = class org.apache.kafka.common.serialization.StringSerializer

2023-05-12 22:53:23 INFO  ProducerConfig:376 - ProducerConfig values: 
	acks = 0
	batch.size = 16384
	bootstrap.servers = [broker1:9092]
	buffer.memory = 33554432
	client.dns.lookup = use_all_dns_ips
	client.id = producer-6
	compression.type = none
	connections.max.idle.ms = 540000
	delivery.timeout.ms = 120000
	enable.idempotence = false
	interceptor.classes = []
	key.serializer = class org.apache.kafka.common.serialization.StringSerializer
	linger.ms = 0
	max.block.ms = 60000
	max.in.flight.requests.per.connection = 5
	max.request.size = 1048576
	metadata.max.age.ms = 300000
	metadata.max.idle.ms = 300000
	metric.reporters = []
	metrics.num.samples = 2
	metrics.recording.level = INFO
	metrics.sample.window.ms = 30000
	partitioner.adaptive.partitioning.enable = true
	partitioner.availability.timeout.ms = 0
	partitioner.class = null
	partitioner.ignore.keys = false
	receive.buffer.bytes = 32768
	reconnect.backoff.max.ms = 1000
	reconnect.backoff.ms = 50
	request.timeout.ms = 30000
	retries = 2147483647
	retry.backoff.ms = 100
	sasl.client.callback.handler.class = null
	sasl.jaas.config = null
	sasl.kerberos.kinit.cmd = /usr/bin/kinit
	sasl.kerberos.min.time.before.relogin = 60000
	sasl.kerberos.service.name = null
	sasl.kerberos.ticket.renew.jitter = 0.05
	sasl.kerberos.ticket.renew.window.factor = 0.8
	sasl.login.callback.handler.class = null
	sasl.login.class = null
	sasl.login.connect.timeout.ms = null
	sasl.login.read.timeout.ms = null
	sasl.login.refresh.buffer.seconds = 300
	sasl.login.refresh.min.period.seconds = 60
	sasl.login.refresh.window.factor = 0.8
	sasl.login.refresh.window.jitter = 0.05
	sasl.login.retry.backoff.max.ms = 10000
	sasl.login.retry.backoff.ms = 100
	sasl.mechanism = GSSAPI
	sasl.oauthbearer.clock.skew.seconds = 30
	sasl.oauthbearer.expected.audience = null
	sasl.oauthbearer.expected.issuer = null
	sasl.oauthbearer.jwks.endpoint.refresh.ms = 3600000
	sasl.oauthbearer.jwks.endpoint.retry.backoff.max.ms = 10000
	sasl.oauthbearer.jwks.endpoint.retry.backoff.ms = 100
	sasl.oauthbearer.jwks.endpoint.url = null
	sasl.oauthbearer.scope.claim.name = scope
	sasl.oauthbearer.sub.claim.name = sub
	sasl.oauthbearer.token.endpoint.url = null
	security.protocol = PLAINTEXT
	security.providers = null
	send.buffer.bytes = 131072
	socket.connection.setup.timeout.max.ms = 30000
	socket.connection.setup.timeout.ms = 10000
	ssl.cipher.suites = null
	ssl.enabled.protocols = [TLSv1.2, TLSv1.3]
	ssl.endpoint.identification.algorithm = https
	ssl.engine.factory.class = null
	ssl.key.password = null
	ssl.keymanager.algorithm = SunX509
	ssl.keystore.certificate.chain = null
	ssl.keystore.key = null
	ssl.keystore.location = null
	ssl.keystore.password = null
	ssl.keystore.type = JKS
	ssl.protocol = TLSv1.3
	ssl.provider = null
	ssl.secure.random.implementation = null
	ssl.trustmanager.algorithm = PKIX
	ssl.truststore.certificates = null
	ssl.truststore.location = null
	ssl.truststore.password = null
	ssl.truststore.type = JKS
	transaction.timeout.ms = 60000
	transactional.id = null
	value.serializer = class org.apache.kafka.common.serialization.StringSerializer

2023-05-12 22:53:23 INFO  ProducerConfig:376 - ProducerConfig values: 
	acks = 0
	batch.size = 16384
	bootstrap.servers = [broker1:9092]
	buffer.memory = 33554432
	client.dns.lookup = use_all_dns_ips
	client.id = producer-7
	compression.type = none
	connections.max.idle.ms = 540000
	delivery.timeout.ms = 120000
	enable.idempotence = false
	interceptor.classes = []
	key.serializer = class org.apache.kafka.common.serialization.StringSerializer
	linger.ms = 0
	max.block.ms = 60000
	max.in.flight.requests.per.connection = 5
	max.request.size = 1048576
	metadata.max.age.ms = 300000
	metadata.max.idle.ms = 300000
	metric.reporters = []
	metrics.num.samples = 2
	metrics.recording.level = INFO
	metrics.sample.window.ms = 30000
	partitioner.adaptive.partitioning.enable = true
	partitioner.availability.timeout.ms = 0
	partitioner.class = null
	partitioner.ignore.keys = false
	receive.buffer.bytes = 32768
	reconnect.backoff.max.ms = 1000
	reconnect.backoff.ms = 50
	request.timeout.ms = 30000
	retries = 2147483647
	retry.backoff.ms = 100
	sasl.client.callback.handler.class = null
	sasl.jaas.config = null
	sasl.kerberos.kinit.cmd = /usr/bin/kinit
	sasl.kerberos.min.time.before.relogin = 60000
	sasl.kerberos.service.name = null
	sasl.kerberos.ticket.renew.jitter = 0.05
	sasl.kerberos.ticket.renew.window.factor = 0.8
	sasl.login.callback.handler.class = null
	sasl.login.class = null
	sasl.login.connect.timeout.ms = null
	sasl.login.read.timeout.ms = null
	sasl.login.refresh.buffer.seconds = 300
	sasl.login.refresh.min.period.seconds = 60
	sasl.login.refresh.window.factor = 0.8
	sasl.login.refresh.window.jitter = 0.05
	sasl.login.retry.backoff.max.ms = 10000
	sasl.login.retry.backoff.ms = 100
	sasl.mechanism = GSSAPI
	sasl.oauthbearer.clock.skew.seconds = 30
	sasl.oauthbearer.expected.audience = null
	sasl.oauthbearer.expected.issuer = null
	sasl.oauthbearer.jwks.endpoint.refresh.ms = 3600000
	sasl.oauthbearer.jwks.endpoint.retry.backoff.max.ms = 10000
	sasl.oauthbearer.jwks.endpoint.retry.backoff.ms = 100
	sasl.oauthbearer.jwks.endpoint.url = null
	sasl.oauthbearer.scope.claim.name = scope
	sasl.oauthbearer.sub.claim.name = sub
	sasl.oauthbearer.token.endpoint.url = null
	security.protocol = PLAINTEXT
	security.providers = null
	send.buffer.bytes = 131072
	socket.connection.setup.timeout.max.ms = 30000
	socket.connection.setup.timeout.ms = 10000
	ssl.cipher.suites = null
	ssl.enabled.protocols = [TLSv1.2, TLSv1.3]
	ssl.endpoint.identification.algorithm = https
	ssl.engine.factory.class = null
	ssl.key.password = null
	ssl.keymanager.algorithm = SunX509
	ssl.keystore.certificate.chain = null
	ssl.keystore.key = null
	ssl.keystore.location = null
	ssl.keystore.password = null
	ssl.keystore.type = JKS
	ssl.protocol = TLSv1.3
	ssl.provider = null
	ssl.secure.random.implementation = null
	ssl.trustmanager.algorithm = PKIX
	ssl.truststore.certificates = null
	ssl.truststore.location = null
	ssl.truststore.password = null
	ssl.truststore.type = JKS
	transaction.timeout.ms = 60000
	transactional.id = null
	value.serializer = class org.apache.kafka.common.serialization.StringSerializer

2023-05-12 22:53:23 INFO  ProducerConfig:376 - ProducerConfig values: 
	acks = 0
	batch.size = 16384
	bootstrap.servers = [broker1:9092]
	buffer.memory = 33554432
	client.dns.lookup = use_all_dns_ips
	client.id = producer-8
	compression.type = none
	connections.max.idle.ms = 540000
	delivery.timeout.ms = 120000
	enable.idempotence = false
	interceptor.classes = []
	key.serializer = class org.apache.kafka.common.serialization.StringSerializer
	linger.ms = 0
	max.block.ms = 60000
	max.in.flight.requests.per.connection = 5
	max.request.size = 1048576
	metadata.max.age.ms = 300000
	metadata.max.idle.ms = 300000
	metric.reporters = []
	metrics.num.samples = 2
	metrics.recording.level = INFO
	metrics.sample.window.ms = 30000
	partitioner.adaptive.partitioning.enable = true
	partitioner.availability.timeout.ms = 0
	partitioner.class = null
	partitioner.ignore.keys = false
	receive.buffer.bytes = 32768
	reconnect.backoff.max.ms = 1000
	reconnect.backoff.ms = 50
	request.timeout.ms = 30000
	retries = 2147483647
	retry.backoff.ms = 100
	sasl.client.callback.handler.class = null
	sasl.jaas.config = null
	sasl.kerberos.kinit.cmd = /usr/bin/kinit
	sasl.kerberos.min.time.before.relogin = 60000
	sasl.kerberos.service.name = null
	sasl.kerberos.ticket.renew.jitter = 0.05
	sasl.kerberos.ticket.renew.window.factor = 0.8
	sasl.login.callback.handler.class = null
	sasl.login.class = null
	sasl.login.connect.timeout.ms = null
	sasl.login.read.timeout.ms = null
	sasl.login.refresh.buffer.seconds = 300
	sasl.login.refresh.min.period.seconds = 60
	sasl.login.refresh.window.factor = 0.8
	sasl.login.refresh.window.jitter = 0.05
	sasl.login.retry.backoff.max.ms = 10000
	sasl.login.retry.backoff.ms = 100
	sasl.mechanism = GSSAPI
	sasl.oauthbearer.clock.skew.seconds = 30
	sasl.oauthbearer.expected.audience = null
	sasl.oauthbearer.expected.issuer = null
	sasl.oauthbearer.jwks.endpoint.refresh.ms = 3600000
	sasl.oauthbearer.jwks.endpoint.retry.backoff.max.ms = 10000
	sasl.oauthbearer.jwks.endpoint.retry.backoff.ms = 100
	sasl.oauthbearer.jwks.endpoint.url = null
	sasl.oauthbearer.scope.claim.name = scope
	sasl.oauthbearer.sub.claim.name = sub
	sasl.oauthbearer.token.endpoint.url = null
	security.protocol = PLAINTEXT
	security.providers = null
	send.buffer.bytes = 131072
	socket.connection.setup.timeout.max.ms = 30000
	socket.connection.setup.timeout.ms = 10000
	ssl.cipher.suites = null
	ssl.enabled.protocols = [TLSv1.2, TLSv1.3]
	ssl.endpoint.identification.algorithm = https
	ssl.engine.factory.class = null
	ssl.key.password = null
	ssl.keymanager.algorithm = SunX509
	ssl.keystore.certificate.chain = null
	ssl.keystore.key = null
	ssl.keystore.location = null
	ssl.keystore.password = null
	ssl.keystore.type = JKS
	ssl.protocol = TLSv1.3
	ssl.provider = null
	ssl.secure.random.implementation = null
	ssl.trustmanager.algorithm = PKIX
	ssl.truststore.certificates = null
	ssl.truststore.location = null
	ssl.truststore.password = null
	ssl.truststore.type = JKS
	transaction.timeout.ms = 60000
	transactional.id = null
	value.serializer = class org.apache.kafka.common.serialization.StringSerializer

2023-05-12 22:53:24 INFO  AppInfoParser:119 - Kafka version: 3.3.1
2023-05-12 22:53:24 INFO  AppInfoParser:120 - Kafka commitId: e23c59d00e687ff5
2023-05-12 22:53:24 INFO  AppInfoParser:121 - Kafka startTimeMs: 1683932004203
2023-05-12 22:53:24 INFO  AppInfoParser:119 - Kafka version: 3.3.1
2023-05-12 22:53:24 INFO  AppInfoParser:120 - Kafka commitId: e23c59d00e687ff5
2023-05-12 22:53:24 INFO  AppInfoParser:121 - Kafka startTimeMs: 1683932004232
2023-05-12 22:53:24 INFO  NetworkClient:937 - [Producer clientId=producer-6] Node -1 disconnected.
2023-05-12 22:53:24 INFO  NetworkClient:937 - [Producer clientId=producer-5] Node -1 disconnected.
2023-05-12 22:53:24 WARN  NetworkClient:775 - [Producer clientId=producer-5] Connection to node -1 (broker1/172.18.0.7:9092) could not be established. Broker may not be available.
2023-05-12 22:53:24 WARN  NetworkClient:1065 - [Producer clientId=producer-5] Bootstrap broker broker1:9092 (id: -1 rack: null) disconnected
2023-05-12 22:53:24 WARN  NetworkClient:775 - [Producer clientId=producer-6] Connection to node -1 (broker1/172.18.0.7:9092) could not be established. Broker may not be available.
2023-05-12 22:53:24 WARN  NetworkClient:1065 - [Producer clientId=producer-6] Bootstrap broker broker1:9092 (id: -1 rack: null) disconnected
2023-05-12 22:53:24 INFO  NetworkClient:937 - [Producer clientId=producer-4] Node -1 disconnected.
2023-05-12 22:53:24 WARN  NetworkClient:775 - [Producer clientId=producer-4] Connection to node -1 (broker1/172.18.0.7:9092) could not be established. Broker may not be available.
2023-05-12 22:53:24 WARN  NetworkClient:1065 - [Producer clientId=producer-4] Bootstrap broker broker1:9092 (id: -1 rack: null) disconnected
2023-05-12 22:53:24 INFO  NetworkClient:937 - [Producer clientId=producer-1] Node -1 disconnected.
2023-05-12 22:53:24 INFO  NetworkClient:937 - [Producer clientId=producer-2] Node -1 disconnected.
2023-05-12 22:53:24 WARN  NetworkClient:775 - [Producer clientId=producer-2] Connection to node -1 (broker1/172.18.0.7:9092) could not be established. Broker may not be available.
2023-05-12 22:53:24 WARN  NetworkClient:1065 - [Producer clientId=producer-2] Bootstrap broker broker1:9092 (id: -1 rack: null) disconnected
2023-05-12 22:53:24 INFO  NetworkClient:937 - [Producer clientId=producer-7] Node -1 disconnected.
2023-05-12 22:53:24 WARN  NetworkClient:775 - [Producer clientId=producer-7] Connection to node -1 (broker1/172.18.0.7:9092) could not be established. Broker may not be available.
2023-05-12 22:53:24 WARN  NetworkClient:1065 - [Producer clientId=producer-7] Bootstrap broker broker1:9092 (id: -1 rack: null) disconnected
2023-05-12 22:53:24 INFO  AppInfoParser:119 - Kafka version: 3.3.1
2023-05-12 22:53:24 INFO  AppInfoParser:120 - Kafka commitId: e23c59d00e687ff5
2023-05-12 22:53:24 INFO  AppInfoParser:121 - Kafka startTimeMs: 1683932004225
2023-05-12 22:53:24 INFO  AppInfoParser:119 - Kafka version: 3.3.1
2023-05-12 22:53:24 INFO  NetworkClient:937 - [Producer clientId=producer-8] Node -1 disconnected.
2023-05-12 22:53:24 WARN  NetworkClient:775 - [Producer clientId=producer-8] Connection to node -1 (broker1/172.18.0.7:9092) could not be established. Broker may not be available.
2023-05-12 22:53:24 WARN  NetworkClient:1065 - [Producer clientId=producer-8] Bootstrap broker broker1:9092 (id: -1 rack: null) disconnected
2023-05-12 22:53:24 WARN  NetworkClient:775 - [Producer clientId=producer-1] Connection to node -1 (broker1/172.18.0.7:9092) could not be established. Broker may not be available.
2023-05-12 22:53:24 WARN  NetworkClient:1065 - [Producer clientId=producer-1] Bootstrap broker broker1:9092 (id: -1 rack: null) disconnected
2023-05-12 22:53:24 INFO  AppInfoParser:120 - Kafka commitId: e23c59d00e687ff5
2023-05-12 22:53:24 INFO  NetworkClient:937 - [Producer clientId=producer-3] Node -1 disconnected.
2023-05-12 22:53:24 INFO  AppInfoParser:121 - Kafka startTimeMs: 1683932004211
2023-05-12 22:53:24 INFO  NetworkClient:937 - [Producer clientId=producer-7] Node -1 disconnected.
2023-05-12 22:53:24 WARN  NetworkClient:775 - [Producer clientId=producer-7] Connection to node -1 (broker1/172.18.0.7:9092) could not be established. Broker may not be available.
2023-05-12 22:53:24 WARN  NetworkClient:1065 - [Producer clientId=producer-7] Bootstrap broker broker1:9092 (id: -1 rack: null) disconnected
2023-05-12 22:53:24 INFO  NetworkClient:937 - [Producer clientId=producer-1] Node -1 disconnected.
2023-05-12 22:53:24 WARN  NetworkClient:775 - [Producer clientId=producer-1] Connection to node -1 (broker1/172.18.0.7:9092) could not be established. Broker may not be available.
2023-05-12 22:53:24 WARN  NetworkClient:1065 - [Producer clientId=producer-1] Bootstrap broker broker1:9092 (id: -1 rack: null) disconnected
2023-05-12 22:53:24 INFO  NetworkClient:937 - [Producer clientId=producer-6] Node -1 disconnected.
2023-05-12 22:53:24 WARN  NetworkClient:775 - [Producer clientId=producer-6] Connection to node -1 (broker1/172.18.0.7:9092) could not be established. Broker may not be available.
2023-05-12 22:53:24 INFO  NetworkClient:937 - [Producer clientId=producer-5] Node -1 disconnected.
2023-05-12 22:53:24 INFO  NetworkClient:937 - [Producer clientId=producer-4] Node -1 disconnected.
2023-05-12 22:53:24 INFO  NetworkClient:937 - [Producer clientId=producer-8] Node -1 disconnected.
2023-05-12 22:53:24 WARN  NetworkClient:775 - [Producer clientId=producer-5] Connection to node -1 (broker1/172.18.0.7:9092) could not be established. Broker may not be available.
2023-05-12 22:53:24 WARN  NetworkClient:775 - [Producer clientId=producer-8] Connection to node -1 (broker1/172.18.0.7:9092) could not be established. Broker may not be available.
2023-05-12 22:53:24 INFO  NetworkClient:937 - [Producer clientId=producer-2] Node -1 disconnected.
2023-05-12 22:53:24 WARN  NetworkClient:775 - [Producer clientId=producer-3] Connection to node -1 (broker1/172.18.0.7:9092) could not be established. Broker may not be available.
2023-05-12 22:53:24 WARN  NetworkClient:1065 - [Producer clientId=producer-3] Bootstrap broker broker1:9092 (id: -1 rack: null) disconnected
2023-05-12 22:53:24 WARN  NetworkClient:1065 - [Producer clientId=producer-6] Bootstrap broker broker1:9092 (id: -1 rack: null) disconnected
2023-05-12 22:53:24 WARN  NetworkClient:775 - [Producer clientId=producer-2] Connection to node -1 (broker1/172.18.0.7:9092) could not be established. Broker may not be available.
2023-05-12 22:53:24 WARN  NetworkClient:1065 - [Producer clientId=producer-2] Bootstrap broker broker1:9092 (id: -1 rack: null) disconnected
2023-05-12 22:53:24 INFO  NetworkClient:937 - [Producer clientId=producer-2] Node -1 disconnected.
2023-05-12 22:53:24 WARN  NetworkClient:775 - [Producer clientId=producer-2] Connection to node -1 (broker1/172.18.0.7:9092) could not be established. Broker may not be available.
2023-05-12 22:53:24 INFO  NetworkClient:937 - [Producer clientId=producer-6] Node -1 disconnected.
2023-05-12 22:53:24 INFO  AppInfoParser:119 - Kafka version: 3.3.1
2023-05-12 22:53:24 INFO  AppInfoParser:120 - Kafka commitId: e23c59d00e687ff5
2023-05-12 22:53:24 INFO  AppInfoParser:121 - Kafka startTimeMs: 1683932004206
2023-05-12 22:53:24 INFO  AppInfoParser:119 - Kafka version: 3.3.1
2023-05-12 22:53:24 INFO  AppInfoParser:120 - Kafka commitId: e23c59d00e687ff5
2023-05-12 22:53:24 WARN  NetworkClient:1065 - [Producer clientId=producer-2] Bootstrap broker broker1:9092 (id: -1 rack: null) disconnected
2023-05-12 22:53:24 WARN  NetworkClient:1065 - [Producer clientId=producer-8] Bootstrap broker broker1:9092 (id: -1 rack: null) disconnected
2023-05-12 22:53:24 WARN  NetworkClient:1065 - [Producer clientId=producer-5] Bootstrap broker broker1:9092 (id: -1 rack: null) disconnected
2023-05-12 22:53:24 WARN  NetworkClient:775 - [Producer clientId=producer-4] Connection to node -1 (broker1/172.18.0.7:9092) could not be established. Broker may not be available.
2023-05-12 22:53:24 WARN  NetworkClient:1065 - [Producer clientId=producer-4] Bootstrap broker broker1:9092 (id: -1 rack: null) disconnected
2023-05-12 22:53:24 INFO  NetworkClient:937 - [Producer clientId=producer-4] Node -1 disconnected.
2023-05-12 22:53:24 WARN  NetworkClient:775 - [Producer clientId=producer-4] Connection to node -1 (broker1/172.18.0.7:9092) could not be established. Broker may not be available.
2023-05-12 22:53:24 WARN  NetworkClient:1065 - [Producer clientId=producer-4] Bootstrap broker broker1:9092 (id: -1 rack: null) disconnected
2023-05-12 22:53:24 INFO  NetworkClient:937 - [Producer clientId=producer-1] Node -1 disconnected.
2023-05-12 22:53:24 INFO  NetworkClient:937 - [Producer clientId=producer-7] Node -1 disconnected.
2023-05-12 22:53:24 WARN  NetworkClient:775 - [Producer clientId=producer-7] Connection to node -1 (broker1/172.18.0.7:9092) could not be established. Broker may not be available.
2023-05-12 22:53:24 WARN  NetworkClient:775 - [Producer clientId=producer-6] Connection to node -1 (broker1/172.18.0.7:9092) could not be established. Broker may not be available.
2023-05-12 22:53:24 INFO  NetworkClient:937 - [Producer clientId=producer-3] Node -1 disconnected.
2023-05-12 22:53:24 WARN  NetworkClient:1065 - [Producer clientId=producer-7] Bootstrap broker broker1:9092 (id: -1 rack: null) disconnected
2023-05-12 22:53:24 INFO  NetworkClient:937 - [Producer clientId=producer-7] Node -1 disconnected.
2023-05-12 22:53:24 WARN  NetworkClient:775 - [Producer clientId=producer-7] Connection to node -1 (broker1/172.18.0.7:9092) could not be established. Broker may not be available.
2023-05-12 22:53:24 WARN  NetworkClient:1065 - [Producer clientId=producer-7] Bootstrap broker broker1:9092 (id: -1 rack: null) disconnected
2023-05-12 22:53:24 WARN  NetworkClient:775 - [Producer clientId=producer-1] Connection to node -1 (broker1/172.18.0.7:9092) could not be established. Broker may not be available.
2023-05-12 22:53:24 WARN  NetworkClient:1065 - [Producer clientId=producer-1] Bootstrap broker broker1:9092 (id: -1 rack: null) disconnected
2023-05-12 22:53:24 INFO  AppInfoParser:121 - Kafka startTimeMs: 1683932004203
2023-05-12 22:53:24 INFO  AppInfoParser:119 - Kafka version: 3.3.1
2023-05-12 22:53:24 INFO  AppInfoParser:120 - Kafka commitId: e23c59d00e687ff5
2023-05-12 22:53:24 INFO  AppInfoParser:121 - Kafka startTimeMs: 1683932004208
2023-05-12 22:53:24 INFO  AppInfoParser:119 - Kafka version: 3.3.1
2023-05-12 22:53:24 INFO  AppInfoParser:120 - Kafka commitId: e23c59d00e687ff5
2023-05-12 22:53:24 INFO  NetworkClient:937 - [Producer clientId=producer-4] Node -1 disconnected.
2023-05-12 22:53:24 INFO  AppInfoParser:121 - Kafka startTimeMs: 1683932004203
2023-05-12 22:53:24 INFO  NetworkClient:937 - [Producer clientId=producer-1] Node -1 disconnected.
2023-05-12 22:53:24 INFO  NetworkClient:937 - [Producer clientId=producer-8] Node -1 disconnected.
2023-05-12 22:53:24 INFO  NetworkClient:937 - [Producer clientId=producer-2] Node -1 disconnected.
2023-05-12 22:53:25 WARN  NetworkClient:775 - [Producer clientId=producer-2] Connection to node -1 (broker1/172.18.0.7:9092) could not be established. Broker may not be available.
2023-05-12 22:53:24 WARN  NetworkClient:775 - [Producer clientId=producer-3] Connection to node -1 (broker1/172.18.0.7:9092) could not be established. Broker may not be available.
2023-05-12 22:53:24 WARN  NetworkClient:1065 - [Producer clientId=producer-6] Bootstrap broker broker1:9092 (id: -1 rack: null) disconnected
2023-05-12 22:53:25 INFO  NetworkClient:937 - [Producer clientId=producer-6] Node -1 disconnected.
2023-05-12 22:53:25 WARN  NetworkClient:1065 - [Producer clientId=producer-2] Bootstrap broker broker1:9092 (id: -1 rack: null) disconnected
2023-05-12 22:53:25 WARN  NetworkClient:775 - [Producer clientId=producer-8] Connection to node -1 (broker1/172.18.0.7:9092) could not be established. Broker may not be available.
2023-05-12 22:53:24 WARN  NetworkClient:775 - [Producer clientId=producer-1] Connection to node -1 (broker1/172.18.0.7:9092) could not be established. Broker may not be available.
2023-05-12 22:53:25 WARN  NetworkClient:1065 - [Producer clientId=producer-1] Bootstrap broker broker1:9092 (id: -1 rack: null) disconnected
2023-05-12 22:53:24 WARN  NetworkClient:775 - [Producer clientId=producer-4] Connection to node -1 (broker1/172.18.0.7:9092) could not be established. Broker may not be available.
2023-05-12 22:53:24 INFO  NetworkClient:937 - [Producer clientId=producer-5] Node -1 disconnected.
2023-05-12 22:53:25 WARN  NetworkClient:775 - [Producer clientId=producer-5] Connection to node -1 (broker1/172.18.0.7:9092) could not be established. Broker may not be available.
2023-05-12 22:53:25 WARN  NetworkClient:1065 - [Producer clientId=producer-5] Bootstrap broker broker1:9092 (id: -1 rack: null) disconnected
2023-05-12 22:53:25 WARN  NetworkClient:1065 - [Producer clientId=producer-8] Bootstrap broker broker1:9092 (id: -1 rack: null) disconnected
2023-05-12 22:53:25 WARN  NetworkClient:775 - [Producer clientId=producer-6] Connection to node -1 (broker1/172.18.0.7:9092) could not be established. Broker may not be available.
2023-05-12 22:53:25 WARN  NetworkClient:1065 - [Producer clientId=producer-3] Bootstrap broker broker1:9092 (id: -1 rack: null) disconnected
2023-05-12 22:53:25 INFO  NetworkClient:937 - [Producer clientId=producer-3] Node -1 disconnected.
2023-05-12 22:53:25 INFO  NetworkClient:937 - [Producer clientId=producer-2] Node -1 disconnected.
2023-05-12 22:53:25 WARN  NetworkClient:775 - [Producer clientId=producer-2] Connection to node -1 (broker1/172.18.0.7:9092) could not be established. Broker may not be available.
2023-05-12 22:53:25 WARN  NetworkClient:1065 - [Producer clientId=producer-2] Bootstrap broker broker1:9092 (id: -1 rack: null) disconnected
2023-05-12 22:53:25 INFO  NetworkClient:937 - [Producer clientId=producer-8] Node -1 disconnected.
2023-05-12 22:53:25 WARN  NetworkClient:775 - [Producer clientId=producer-8] Connection to node -1 (broker1/172.18.0.7:9092) could not be established. Broker may not be available.
2023-05-12 22:53:25 INFO  NetworkClient:937 - [Producer clientId=producer-1] Node -1 disconnected.
2023-05-12 22:53:25 WARN  NetworkClient:1065 - [Producer clientId=producer-4] Bootstrap broker broker1:9092 (id: -1 rack: null) disconnected
2023-05-12 22:53:25 WARN  NetworkClient:1065 - [Producer clientId=producer-8] Bootstrap broker broker1:9092 (id: -1 rack: null) disconnected
2023-05-12 22:53:25 INFO  NetworkClient:937 - [Producer clientId=producer-5] Node -1 disconnected.
2023-05-12 22:53:25 WARN  NetworkClient:775 - [Producer clientId=producer-3] Connection to node -1 (broker1/172.18.0.7:9092) could not be established. Broker may not be available.
2023-05-12 22:53:25 INFO  NetworkClient:937 - [Producer clientId=producer-7] Node -1 disconnected.
2023-05-12 22:53:25 WARN  NetworkClient:1065 - [Producer clientId=producer-6] Bootstrap broker broker1:9092 (id: -1 rack: null) disconnected
2023-05-12 22:53:25 WARN  NetworkClient:775 - [Producer clientId=producer-5] Connection to node -1 (broker1/172.18.0.7:9092) could not be established. Broker may not be available.
2023-05-12 22:53:25 WARN  NetworkClient:1065 - [Producer clientId=producer-5] Bootstrap broker broker1:9092 (id: -1 rack: null) disconnected
2023-05-12 22:53:25 WARN  NetworkClient:775 - [Producer clientId=producer-1] Connection to node -1 (broker1/172.18.0.7:9092) could not be established. Broker may not be available.
2023-05-12 22:53:25 WARN  NetworkClient:1065 - [Producer clientId=producer-3] Bootstrap broker broker1:9092 (id: -1 rack: null) disconnected
2023-05-12 22:53:25 INFO  NetworkClient:937 - [Producer clientId=producer-6] Node -1 disconnected.
2023-05-12 22:53:25 WARN  NetworkClient:775 - [Producer clientId=producer-6] Connection to node -1 (broker1/172.18.0.7:9092) could not be established. Broker may not be available.
2023-05-12 22:53:25 WARN  NetworkClient:1065 - [Producer clientId=producer-1] Bootstrap broker broker1:9092 (id: -1 rack: null) disconnected
2023-05-12 22:53:25 INFO  NetworkClient:937 - [Producer clientId=producer-4] Node -1 disconnected.
2023-05-12 22:53:25 WARN  NetworkClient:775 - [Producer clientId=producer-7] Connection to node -1 (broker1/172.18.0.7:9092) could not be established. Broker may not be available.
2023-05-12 22:53:25 WARN  NetworkClient:1065 - [Producer clientId=producer-6] Bootstrap broker broker1:9092 (id: -1 rack: null) disconnected
2023-05-12 22:53:25 INFO  NetworkClient:937 - [Producer clientId=producer-3] Node -1 disconnected.
2023-05-12 22:53:25 WARN  NetworkClient:1065 - [Producer clientId=producer-7] Bootstrap broker broker1:9092 (id: -1 rack: null) disconnected
2023-05-12 22:53:25 WARN  NetworkClient:775 - [Producer clientId=producer-3] Connection to node -1 (broker1/172.18.0.7:9092) could not be established. Broker may not be available.
2023-05-12 22:53:25 WARN  NetworkClient:775 - [Producer clientId=producer-4] Connection to node -1 (broker1/172.18.0.7:9092) could not be established. Broker may not be available.
2023-05-12 22:53:25 WARN  NetworkClient:1065 - [Producer clientId=producer-4] Bootstrap broker broker1:9092 (id: -1 rack: null) disconnected
2023-05-12 22:53:25 WARN  NetworkClient:1065 - [Producer clientId=producer-3] Bootstrap broker broker1:9092 (id: -1 rack: null) disconnected
2023-05-12 22:53:25 INFO  NetworkClient:937 - [Producer clientId=producer-8] Node -1 disconnected.
2023-05-12 22:53:25 WARN  NetworkClient:775 - [Producer clientId=producer-8] Connection to node -1 (broker1/172.18.0.7:9092) could not be established. Broker may not be available.
2023-05-12 22:53:25 WARN  NetworkClient:1065 - [Producer clientId=producer-8] Bootstrap broker broker1:9092 (id: -1 rack: null) disconnected
2023-05-12 22:53:25 INFO  NetworkClient:937 - [Producer clientId=producer-5] Node -1 disconnected.
2023-05-12 22:53:25 WARN  NetworkClient:775 - [Producer clientId=producer-5] Connection to node -1 (broker1/172.18.0.7:9092) could not be established. Broker may not be available.
2023-05-12 22:53:25 WARN  NetworkClient:1065 - [Producer clientId=producer-5] Bootstrap broker broker1:9092 (id: -1 rack: null) disconnected
2023-05-12 22:53:26 INFO  NetworkClient:937 - [Producer clientId=producer-3] Node -1 disconnected.
2023-05-12 22:53:26 WARN  NetworkClient:775 - [Producer clientId=producer-3] Connection to node -1 (broker1/172.18.0.7:9092) could not be established. Broker may not be available.
2023-05-12 22:53:26 WARN  NetworkClient:1065 - [Producer clientId=producer-3] Bootstrap broker broker1:9092 (id: -1 rack: null) disconnected
2023-05-12 22:53:26 INFO  NetworkClient:937 - [Producer clientId=producer-1] Node -1 disconnected.
2023-05-12 22:53:26 INFO  NetworkClient:937 - [Producer clientId=producer-7] Node -1 disconnected.
2023-05-12 22:53:26 WARN  NetworkClient:775 - [Producer clientId=producer-1] Connection to node -1 (broker1/172.18.0.7:9092) could not be established. Broker may not be available.
2023-05-12 22:53:26 WARN  NetworkClient:775 - [Producer clientId=producer-7] Connection to node -1 (broker1/172.18.0.7:9092) could not be established. Broker may not be available.
2023-05-12 22:53:26 WARN  NetworkClient:1065 - [Producer clientId=producer-1] Bootstrap broker broker1:9092 (id: -1 rack: null) disconnected
2023-05-12 22:53:26 WARN  NetworkClient:1065 - [Producer clientId=producer-7] Bootstrap broker broker1:9092 (id: -1 rack: null) disconnected
2023-05-12 22:53:26 INFO  NetworkClient:937 - [Producer clientId=producer-2] Node -1 disconnected.
2023-05-12 22:53:26 INFO  NetworkClient:937 - [Producer clientId=producer-4] Node -1 disconnected.
2023-05-12 22:53:26 WARN  NetworkClient:775 - [Producer clientId=producer-2] Connection to node -1 (broker1/172.18.0.7:9092) could not be established. Broker may not be available.
2023-05-12 22:53:26 WARN  NetworkClient:775 - [Producer clientId=producer-4] Connection to node -1 (broker1/172.18.0.7:9092) could not be established. Broker may not be available.
2023-05-12 22:53:26 WARN  NetworkClient:1065 - [Producer clientId=producer-4] Bootstrap broker broker1:9092 (id: -1 rack: null) disconnected
2023-05-12 22:53:26 WARN  NetworkClient:1065 - [Producer clientId=producer-2] Bootstrap broker broker1:9092 (id: -1 rack: null) disconnected
2023-05-12 22:53:26 INFO  NetworkClient:937 - [Producer clientId=producer-6] Node -1 disconnected.
2023-05-12 22:53:26 WARN  NetworkClient:775 - [Producer clientId=producer-6] Connection to node -1 (broker1/172.18.0.7:9092) could not be established. Broker may not be available.
2023-05-12 22:53:26 WARN  NetworkClient:1065 - [Producer clientId=producer-6] Bootstrap broker broker1:9092 (id: -1 rack: null) disconnected
2023-05-12 22:53:26 INFO  NetworkClient:937 - [Producer clientId=producer-8] Node -1 disconnected.
2023-05-12 22:53:26 WARN  NetworkClient:775 - [Producer clientId=producer-8] Connection to node -1 (broker1/172.18.0.7:9092) could not be established. Broker may not be available.
2023-05-12 22:53:26 WARN  NetworkClient:1065 - [Producer clientId=producer-8] Bootstrap broker broker1:9092 (id: -1 rack: null) disconnected
2023-05-12 22:53:26 INFO  NetworkClient:937 - [Producer clientId=producer-5] Node -1 disconnected.
2023-05-12 22:53:26 WARN  NetworkClient:775 - [Producer clientId=producer-5] Connection to node -1 (broker1/172.18.0.7:9092) could not be established. Broker may not be available.
2023-05-12 22:53:26 WARN  NetworkClient:1065 - [Producer clientId=producer-5] Bootstrap broker broker1:9092 (id: -1 rack: null) disconnected
2023-05-12 22:53:26 INFO  NetworkClient:937 - [Producer clientId=producer-3] Node -1 disconnected.
2023-05-12 22:53:26 WARN  NetworkClient:775 - [Producer clientId=producer-3] Connection to node -1 (broker1/172.18.0.7:9092) could not be established. Broker may not be available.
2023-05-12 22:53:26 WARN  NetworkClient:1065 - [Producer clientId=producer-3] Bootstrap broker broker1:9092 (id: -1 rack: null) disconnected
2023-05-12 22:53:26 INFO  NetworkClient:937 - [Producer clientId=producer-1] Node -1 disconnected.
2023-05-12 22:53:26 WARN  NetworkClient:775 - [Producer clientId=producer-1] Connection to node -1 (broker1/172.18.0.7:9092) could not be established. Broker may not be available.
2023-05-12 22:53:26 WARN  NetworkClient:1065 - [Producer clientId=producer-1] Bootstrap broker broker1:9092 (id: -1 rack: null) disconnected
2023-05-12 22:53:27 INFO  NetworkClient:937 - [Producer clientId=producer-2] Node -1 disconnected.
2023-05-12 22:53:27 WARN  NetworkClient:775 - [Producer clientId=producer-2] Connection to node -1 (broker1/172.18.0.7:9092) could not be established. Broker may not be available.
2023-05-12 22:53:27 WARN  NetworkClient:1065 - [Producer clientId=producer-2] Bootstrap broker broker1:9092 (id: -1 rack: null) disconnected
2023-05-12 22:53:27 INFO  NetworkClient:937 - [Producer clientId=producer-6] Node -1 disconnected.
2023-05-12 22:53:27 WARN  NetworkClient:775 - [Producer clientId=producer-6] Connection to node -1 (broker1/172.18.0.7:9092) could not be established. Broker may not be available.
2023-05-12 22:53:27 WARN  NetworkClient:1065 - [Producer clientId=producer-6] Bootstrap broker broker1:9092 (id: -1 rack: null) disconnected
2023-05-12 22:53:27 INFO  NetworkClient:937 - [Producer clientId=producer-4] Node -1 disconnected.
2023-05-12 22:53:27 INFO  NetworkClient:937 - [Producer clientId=producer-7] Node -1 disconnected.
2023-05-12 22:53:27 WARN  NetworkClient:775 - [Producer clientId=producer-7] Connection to node -1 (broker1/172.18.0.7:9092) could not be established. Broker may not be available.
2023-05-12 22:53:27 WARN  NetworkClient:775 - [Producer clientId=producer-4] Connection to node -1 (broker1/172.18.0.7:9092) could not be established. Broker may not be available.
2023-05-12 22:53:27 WARN  NetworkClient:1065 - [Producer clientId=producer-7] Bootstrap broker broker1:9092 (id: -1 rack: null) disconnected
2023-05-12 22:53:27 WARN  NetworkClient:1065 - [Producer clientId=producer-4] Bootstrap broker broker1:9092 (id: -1 rack: null) disconnected
2023-05-12 22:53:27 INFO  NetworkClient:937 - [Producer clientId=producer-8] Node -1 disconnected.
2023-05-12 22:53:27 WARN  NetworkClient:775 - [Producer clientId=producer-8] Connection to node -1 (broker1/172.18.0.7:9092) could not be established. Broker may not be available.
2023-05-12 22:53:27 WARN  NetworkClient:1065 - [Producer clientId=producer-8] Bootstrap broker broker1:9092 (id: -1 rack: null) disconnected
2023-05-12 22:53:27 INFO  NetworkClient:937 - [Producer clientId=producer-5] Node -1 disconnected.
2023-05-12 22:53:27 WARN  NetworkClient:775 - [Producer clientId=producer-5] Connection to node -1 (broker1/172.18.0.7:9092) could not be established. Broker may not be available.
2023-05-12 22:53:27 WARN  NetworkClient:1065 - [Producer clientId=producer-5] Bootstrap broker broker1:9092 (id: -1 rack: null) disconnected
2023-05-12 22:53:27 INFO  NetworkClient:937 - [Producer clientId=producer-3] Node -1 disconnected.
2023-05-12 22:53:27 WARN  NetworkClient:775 - [Producer clientId=producer-3] Connection to node -1 (broker1/172.18.0.7:9092) could not be established. Broker may not be available.
2023-05-12 22:53:27 WARN  NetworkClient:1065 - [Producer clientId=producer-3] Bootstrap broker broker1:9092 (id: -1 rack: null) disconnected
2023-05-12 22:53:28 INFO  NetworkClient:937 - [Producer clientId=producer-1] Node -1 disconnected.
2023-05-12 22:53:28 WARN  NetworkClient:775 - [Producer clientId=producer-1] Connection to node -1 (broker1/172.18.0.7:9092) could not be established. Broker may not be available.
2023-05-12 22:53:28 WARN  NetworkClient:1065 - [Producer clientId=producer-1] Bootstrap broker broker1:9092 (id: -1 rack: null) disconnected
2023-05-12 22:53:28 INFO  NetworkClient:937 - [Producer clientId=producer-2] Node -1 disconnected.
2023-05-12 22:53:28 WARN  NetworkClient:775 - [Producer clientId=producer-2] Connection to node -1 (broker1/172.18.0.7:9092) could not be established. Broker may not be available.
2023-05-12 22:53:28 WARN  NetworkClient:1065 - [Producer clientId=producer-2] Bootstrap broker broker1:9092 (id: -1 rack: null) disconnected
2023-05-12 22:53:28 INFO  NetworkClient:937 - [Producer clientId=producer-6] Node -1 disconnected.
2023-05-12 22:53:28 WARN  NetworkClient:775 - [Producer clientId=producer-6] Connection to node -1 (broker1/172.18.0.7:9092) could not be established. Broker may not be available.
2023-05-12 22:53:28 WARN  NetworkClient:1065 - [Producer clientId=producer-6] Bootstrap broker broker1:9092 (id: -1 rack: null) disconnected
2023-05-12 22:53:28 INFO  NetworkClient:937 - [Producer clientId=producer-4] Node -1 disconnected.
2023-05-12 22:53:28 WARN  NetworkClient:775 - [Producer clientId=producer-4] Connection to node -1 (broker1/172.18.0.7:9092) could not be established. Broker may not be available.
2023-05-12 22:53:28 WARN  NetworkClient:1065 - [Producer clientId=producer-4] Bootstrap broker broker1:9092 (id: -1 rack: null) disconnected
2023-05-12 22:53:28 INFO  NetworkClient:937 - [Producer clientId=producer-8] Node -1 disconnected.
2023-05-12 22:53:28 INFO  NetworkClient:937 - [Producer clientId=producer-7] Node -1 disconnected.
2023-05-12 22:53:28 WARN  NetworkClient:775 - [Producer clientId=producer-7] Connection to node -1 (broker1/172.18.0.7:9092) could not be established. Broker may not be available.
2023-05-12 22:53:28 WARN  NetworkClient:1065 - [Producer clientId=producer-7] Bootstrap broker broker1:9092 (id: -1 rack: null) disconnected
2023-05-12 22:53:28 WARN  NetworkClient:775 - [Producer clientId=producer-8] Connection to node -1 (broker1/172.18.0.7:9092) could not be established. Broker may not be available.
2023-05-12 22:53:28 WARN  NetworkClient:1065 - [Producer clientId=producer-8] Bootstrap broker broker1:9092 (id: -1 rack: null) disconnected
2023-05-12 22:53:28 INFO  NetworkClient:937 - [Producer clientId=producer-5] Node -1 disconnected.
2023-05-12 22:53:28 WARN  NetworkClient:775 - [Producer clientId=producer-5] Connection to node -1 (broker1/172.18.0.7:9092) could not be established. Broker may not be available.
2023-05-12 22:53:28 WARN  NetworkClient:1065 - [Producer clientId=producer-5] Bootstrap broker broker1:9092 (id: -1 rack: null) disconnected
2023-05-12 22:53:28 INFO  NetworkClient:937 - [Producer clientId=producer-3] Node -1 disconnected.
2023-05-12 22:53:28 WARN  NetworkClient:775 - [Producer clientId=producer-3] Connection to node -1 (broker1/172.18.0.7:9092) could not be established. Broker may not be available.
2023-05-12 22:53:28 WARN  NetworkClient:1065 - [Producer clientId=producer-3] Bootstrap broker broker1:9092 (id: -1 rack: null) disconnected
2023-05-12 22:53:29 INFO  NetworkClient:937 - [Producer clientId=producer-6] Node -1 disconnected.
2023-05-12 22:53:29 WARN  NetworkClient:775 - [Producer clientId=producer-6] Connection to node -1 (broker1/172.18.0.7:9092) could not be established. Broker may not be available.
2023-05-12 22:53:29 WARN  NetworkClient:1065 - [Producer clientId=producer-6] Bootstrap broker broker1:9092 (id: -1 rack: null) disconnected
2023-05-12 22:53:29 INFO  NetworkClient:937 - [Producer clientId=producer-1] Node -1 disconnected.
2023-05-12 22:53:29 WARN  NetworkClient:775 - [Producer clientId=producer-1] Connection to node -1 (broker1/172.18.0.7:9092) could not be established. Broker may not be available.
2023-05-12 22:53:29 WARN  NetworkClient:1065 - [Producer clientId=producer-1] Bootstrap broker broker1:9092 (id: -1 rack: null) disconnected
2023-05-12 22:53:29 INFO  NetworkClient:937 - [Producer clientId=producer-2] Node -1 disconnected.
2023-05-12 22:53:29 WARN  NetworkClient:775 - [Producer clientId=producer-2] Connection to node -1 (broker1/172.18.0.7:9092) could not be established. Broker may not be available.
2023-05-12 22:53:29 WARN  NetworkClient:1065 - [Producer clientId=producer-2] Bootstrap broker broker1:9092 (id: -1 rack: null) disconnected
2023-05-12 22:53:29 INFO  NetworkClient:937 - [Producer clientId=producer-4] Node -1 disconnected.
2023-05-12 22:53:29 WARN  NetworkClient:775 - [Producer clientId=producer-4] Connection to node -1 (broker1/172.18.0.7:9092) could not be established. Broker may not be available.
2023-05-12 22:53:29 WARN  NetworkClient:1065 - [Producer clientId=producer-4] Bootstrap broker broker1:9092 (id: -1 rack: null) disconnected
2023-05-12 22:53:29 INFO  NetworkClient:937 - [Producer clientId=producer-5] Node -1 disconnected.
2023-05-12 22:53:29 WARN  NetworkClient:775 - [Producer clientId=producer-5] Connection to node -1 (broker1/172.18.0.7:9092) could not be established. Broker may not be available.
2023-05-12 22:53:29 WARN  NetworkClient:1065 - [Producer clientId=producer-5] Bootstrap broker broker1:9092 (id: -1 rack: null) disconnected
2023-05-12 22:53:29 INFO  NetworkClient:937 - [Producer clientId=producer-7] Node -1 disconnected.
2023-05-12 22:53:29 WARN  NetworkClient:775 - [Producer clientId=producer-7] Connection to node -1 (broker1/172.18.0.7:9092) could not be established. Broker may not be available.
2023-05-12 22:53:29 WARN  NetworkClient:1065 - [Producer clientId=producer-7] Bootstrap broker broker1:9092 (id: -1 rack: null) disconnected
2023-05-12 22:53:29 INFO  NetworkClient:937 - [Producer clientId=producer-8] Node -1 disconnected.
2023-05-12 22:53:29 WARN  NetworkClient:775 - [Producer clientId=producer-8] Connection to node -1 (broker1/172.18.0.7:9092) could not be established. Broker may not be available.
2023-05-12 22:53:29 WARN  NetworkClient:1065 - [Producer clientId=producer-8] Bootstrap broker broker1:9092 (id: -1 rack: null) disconnected
2023-05-12 22:53:29 INFO  NetworkClient:937 - [Producer clientId=producer-3] Node -1 disconnected.
2023-05-12 22:53:29 WARN  NetworkClient:775 - [Producer clientId=producer-3] Connection to node -1 (broker1/172.18.0.7:9092) could not be established. Broker may not be available.
2023-05-12 22:53:29 WARN  NetworkClient:1065 - [Producer clientId=producer-3] Bootstrap broker broker1:9092 (id: -1 rack: null) disconnected
2023-05-12 22:53:30 INFO  NetworkClient:937 - [Producer clientId=producer-1] Node -1 disconnected.
2023-05-12 22:53:30 WARN  NetworkClient:775 - [Producer clientId=producer-1] Connection to node -1 (broker1/172.18.0.7:9092) could not be established. Broker may not be available.
2023-05-12 22:53:30 WARN  NetworkClient:1065 - [Producer clientId=producer-1] Bootstrap broker broker1:9092 (id: -1 rack: null) disconnected
2023-05-12 22:53:30 INFO  NetworkClient:937 - [Producer clientId=producer-4] Node -1 disconnected.
2023-05-12 22:53:30 WARN  NetworkClient:775 - [Producer clientId=producer-4] Connection to node -1 (broker1/172.18.0.7:9092) could not be established. Broker may not be available.
2023-05-12 22:53:30 INFO  NetworkClient:937 - [Producer clientId=producer-6] Node -1 disconnected.
2023-05-12 22:53:30 WARN  NetworkClient:775 - [Producer clientId=producer-6] Connection to node -1 (broker1/172.18.0.7:9092) could not be established. Broker may not be available.
2023-05-12 22:53:30 INFO  NetworkClient:937 - [Producer clientId=producer-2] Node -1 disconnected.
2023-05-12 22:53:30 WARN  NetworkClient:775 - [Producer clientId=producer-2] Connection to node -1 (broker1/172.18.0.7:9092) could not be established. Broker may not be available.
2023-05-12 22:53:30 WARN  NetworkClient:1065 - [Producer clientId=producer-2] Bootstrap broker broker1:9092 (id: -1 rack: null) disconnected
2023-05-12 22:53:30 WARN  NetworkClient:1065 - [Producer clientId=producer-4] Bootstrap broker broker1:9092 (id: -1 rack: null) disconnected
2023-05-12 22:53:30 WARN  NetworkClient:1065 - [Producer clientId=producer-6] Bootstrap broker broker1:9092 (id: -1 rack: null) disconnected
2023-05-12 22:53:30 INFO  NetworkClient:937 - [Producer clientId=producer-7] Node -1 disconnected.
2023-05-12 22:53:30 WARN  NetworkClient:775 - [Producer clientId=producer-7] Connection to node -1 (broker1/172.18.0.7:9092) could not be established. Broker may not be available.
2023-05-12 22:53:30 WARN  NetworkClient:1065 - [Producer clientId=producer-7] Bootstrap broker broker1:9092 (id: -1 rack: null) disconnected
2023-05-12 22:53:32 INFO  Metadata:287 - [Producer clientId=producer-6] Cluster ID: B4DHpJ5wQo28mbJ68pogTw
2023-05-12 22:53:32 INFO  Metadata:287 - [Producer clientId=producer-7] Cluster ID: B4DHpJ5wQo28mbJ68pogTw
2023-05-12 22:53:32 INFO  Metadata:287 - [Producer clientId=producer-5] Cluster ID: B4DHpJ5wQo28mbJ68pogTw
2023-05-12 22:53:32 INFO  Metadata:287 - [Producer clientId=producer-3] Cluster ID: B4DHpJ5wQo28mbJ68pogTw
2023-05-12 22:53:32 INFO  Metadata:287 - [Producer clientId=producer-1] Cluster ID: B4DHpJ5wQo28mbJ68pogTw
2023-05-12 22:53:32 INFO  Metadata:287 - [Producer clientId=producer-8] Cluster ID: B4DHpJ5wQo28mbJ68pogTw
2023-05-12 22:53:32 INFO  Metadata:287 - [Producer clientId=producer-2] Cluster ID: B4DHpJ5wQo28mbJ68pogTw
2023-05-12 22:53:32 INFO  Metadata:287 - [Producer clientId=producer-4] Cluster ID: B4DHpJ5wQo28mbJ68pogTw
2023-05-12 22:53:41 INFO  Metadata:402 - [Producer clientId=producer-1] Resetting the last seen epoch of partition RESPIRATORY-0 to 0 since the associated topicId changed from null to Fi3HRznKSXW9cM0vJedkvw
2023-05-12 22:53:42 INFO  Metadata:402 - [Producer clientId=producer-5] Resetting the last seen epoch of partition OXYGEN-SATURATION-ONE-0 to 0 since the associated topicId changed from null to JBv5CKh_SDK6EHBSw46SnA
2023-05-12 22:53:42 INFO  Metadata:402 - [Producer clientId=producer-8] Resetting the last seen epoch of partition HEART-0 to 0 since the associated topicId changed from null to Mj-NxdiQSUqX9sYeCNu8Rw
2023-05-12 22:53:43 INFO  Metadata:402 - [Producer clientId=producer-3] Resetting the last seen epoch of partition TEMPERATURE-0 to 0 since the associated topicId changed from null to 0nPt8A97Qz2CTNzZoZYphg
2023-05-12 22:53:43 INFO  Metadata:402 - [Producer clientId=producer-4] Resetting the last seen epoch of partition SYSTOLIC-BLOOD-PRESSURE-0 to 0 since the associated topicId changed from null to mg97Bno5RlO8fcvJARVZcg
2023-05-12 22:53:43 INFO  Metadata:402 - [Producer clientId=producer-2] Resetting the last seen epoch of partition CONSCIOUSNESS-0 to 0 since the associated topicId changed from null to ww5iilwAThejNNZ46Zffog
2023-05-12 22:53:43 INFO  Metadata:402 - [Producer clientId=producer-7] Resetting the last seen epoch of partition OXYGEN-SATURATION-TWO-0 to 0 since the associated topicId changed from null to R7QYHFZGSkO4WPgYgrUlMg
2023-05-12 22:53:43 INFO  Metadata:402 - [Producer clientId=producer-6] Resetting the last seen epoch of partition BREATHING-0 to 0 since the associated topicId changed from null to fH25rp6TRSym7TRXNpUIMQ
